{
  "stats": {
    "suites": 1,
    "tests": 1,
    "passes": 1,
    "pending": 0,
    "failures": 0,
    "start": "2023-10-28T10:17:35.255Z",
    "end": "2023-10-28T10:17:35.490Z",
    "duration": 235,
    "testsRegistered": 1,
    "passPercent": 100,
    "pendingPercent": 0,
    "other": 0,
    "hasOther": false,
    "skipped": 0,
    "hasSkipped": false
  },
  "results": [
    {
      "uuid": "4333cc8d-c398-4177-a081-f934791b8030",
      "title": "",
      "fullFile": "/home/runner/work/user-micro-service/user-micro-service/src/test/smoke_tests.js",
      "file": "/src/test/smoke_tests.js",
      "beforeHooks": [],
      "afterHooks": [],
      "tests": [],
      "suites": [
        {
          "uuid": "a5a3ff71-6dfe-4510-b58c-37655cb7efcc",
          "title": "User service smoke tests",
          "fullFile": "/home/runner/work/user-micro-service/user-micro-service/src/test/smoke_tests.js",
          "file": "/src/test/smoke_tests.js",
          "beforeHooks": [],
          "afterHooks": [],
          "tests": [
            {
              "title": "Should be able to get the users",
              "fullTitle": "User service smoke tests Should be able to get the users",
              "timedOut": false,
              "duration": 230,
              "state": "passed",
              "speed": "slow",
              "pass": true,
              "fail": false,
              "pending": false,
              "context": null,
              "code": "const response = await fetch('https://user-service-azky.onrender.com/api/user/get-all-users');\n        expect(response.status).to.equal(200);\n        const data = await response.json();\n        console.log(data);",
              "err": {},
              "uuid": "bca3ee6b-1014-40e0-8e2d-0dfac893fc55",
              "parentUUID": "a5a3ff71-6dfe-4510-b58c-37655cb7efcc",
              "isHook": false,
              "skipped": false
            }
          ],
          "suites": [],
          "passes": [
            "bca3ee6b-1014-40e0-8e2d-0dfac893fc55"
          ],
          "failures": [],
          "pending": [],
          "skipped": [],
          "duration": 230,
          "root": false,
          "rootEmpty": false,
          "_timeout": 2000
        }
      ],
      "passes": [],
      "failures": [],
      "pending": [],
      "skipped": [],
      "duration": 0,
      "root": true,
      "rootEmpty": true,
      "_timeout": 2000
    }
  ],
  "meta": {
    "mocha": {
      "version": "10.2.0"
    },
    "mochawesome": {
      "options": {
        "quiet": false,
        "reportFilename": "mochawesome",
        "saveHtml": true,
        "saveJson": true,
        "consoleReporter": "spec",
        "useInlineDiffs": false,
        "code": true
      },
      "version": "7.1.3"
    },
    "marge": {
      "options": null,
      "version": "6.2.0"
    }
  }
}